# JRE version: OpenJDK Runtime Environment (8.0_112-b06) (build 1.8.0_112-release-b06)
# Java VM: OpenJDK 64-Bit Server VM (25.112-b06 mixed mode windows-amd64 compressed oops)
Heap:
 PSYoungGen      total 73728K, used 44903K [0x00000000e0000000, 0x00000000e6000000, 0x0000000100000000)
  eden space 68096K, 57% used [0x00000000e0000000,0x00000000e265d768,0x00000000e4280000)
  from space 5632K, 99% used [0x00000000e5280000,0x00000000e57fc628,0x00000000e5800000)
  to   space 8192K, 0% used [0x00000000e5800000,0x00000000e5800000,0x00000000e6000000)
 ParOldGen       total 93696K, used 17242K [0x00000000a0000000, 0x00000000a5b80000, 0x00000000e0000000)
  object space 93696K, 18% used [0x00000000a0000000,0x00000000a10d6b78,0x00000000a5b80000)
 Metaspace       used 39135K, capacity 40054K, committed 40192K, reserved 1083392K
  class space    used 5281K, capacity 5565K, committed 5632K, reserved 1048576K
GC Heap History (10 events):
Event: 24.452 GC heap before
{Heap before GC invocations=7 (full 1):
 PSYoungGen      total 38400K, used 36956K [0x00000000e0000000, 0x00000000e4b80000, 0x0000000100000000)
  eden space 33280K, 100% used [0x00000000e0000000,0x00000000e2080000,0x00000000e2080000)
  from space 5120K, 71% used [0x00000000e2080000,0x00000000e2417240,0x00000000e2580000)
  to   space 11264K, 0% used [0x00000000e4080000,0x00000000e4080000,0x00000000e4b80000)
 ParOldGen       total 60928K, used 9484K [0x00000000a0000000, 0x00000000a3b80000, 0x00000000e0000000)
  object space 60928K, 15% used [0x00000000a0000000,0x00000000a0943178,0x00000000a3b80000)
 Metaspace       used 26487K, capacity 26980K, committed 27136K, reserved 1073152K
  class space    used 3658K, capacity 3782K, committed 3840K, reserved 1048576K
Event: 24.462 GC heap after
Heap after GC invocations=7 (full 1):
 PSYoungGen      total 62976K, used 6350K [0x00000000e0000000, 0x00000000e4900000, 0x0000000100000000)
  eden space 54272K, 0% used [0x00000000e0000000,0x00000000e0000000,0x00000000e3500000)
  from space 8704K, 72% used [0x00000000e4080000,0x00000000e46b3bf0,0x00000000e4900000)
  to   space 10240K, 0% used [0x00000000e3500000,0x00000000e3500000,0x00000000e3f00000)
 ParOldGen       total 60928K, used 9492K [0x00000000a0000000, 0x00000000a3b80000, 0x00000000e0000000)
  object space 60928K, 15% used [0x00000000a0000000,0x00000000a0945178,0x00000000a3b80000)
 Metaspace       used 26487K, capacity 26980K, committed 27136K, reserved 1073152K
  class space    used 3658K, capacity 3782K, committed 3840K, reserved 1048576K
}
Event: 27.415 GC heap before
{Heap before GC invocations=8 (full 1):
 PSYoungGen      total 62976K, used 60622K [0x00000000e0000000, 0x00000000e4900000, 0x0000000100000000)
  eden space 54272K, 100% used [0x00000000e0000000,0x00000000e3500000,0x00000000e3500000)
  from space 8704K, 72% used [0x00000000e4080000,0x00000000e46b3bf0,0x00000000e4900000)
  to   space 10240K, 0% used [0x00000000e3500000,0x00000000e3500000,0x00000000e3f00000)
 ParOldGen       total 60928K, used 9492K [0x00000000a0000000, 0x00000000a3b80000, 0x00000000e0000000)
  object space 60928K, 15% used [0x00000000a0000000,0x00000000a0945178,0x00000000a3b80000)
 Metaspace       used 29748K, capacity 30352K, committed 30464K, reserved 1075200K
  class space    used 4070K, capacity 4242K, committed 4352K, reserved 1048576K
Event: 27.429 GC heap after
Heap after GC invocations=8 (full 1):
 PSYoungGen      total 64512K, used 7061K [0x00000000e0000000, 0x00000000e6980000, 0x0000000100000000)
  eden space 54272K, 0% used [0x00000000e0000000,0x00000000e0000000,0x00000000e3500000)
  from space 10240K, 68% used [0x00000000e3500000,0x00000000e3be5698,0x00000000e3f00000)
  to   space 10240K, 0% used [0x00000000e5f80000,0x00000000e5f80000,0x00000000e6980000)
 ParOldGen       total 60928K, used 9500K [0x00000000a0000000, 0x00000000a3b80000, 0x00000000e0000000)
  object space 60928K, 15% used [0x00000000a0000000,0x00000000a0947178,0x00000000a3b80000)
 Metaspace       used 29748K, capacity 30352K, committed 30464K, reserved 1075200K
  class space    used 4070K, capacity 4242K, committed 4352K, reserved 1048576K
}
Event: 35.562 GC heap before
{Heap before GC invocations=9 (full 1):
 PSYoungGen      total 64512K, used 59503K [0x00000000e0000000, 0x00000000e6980000, 0x0000000100000000)
  eden space 54272K, 96% used [0x00000000e0000000,0x00000000e3336858,0x00000000e3500000)
  from space 10240K, 68% used [0x00000000e3500000,0x00000000e3be5698,0x00000000e3f00000)
  to   space 10240K, 0% used [0x00000000e5f80000,0x00000000e5f80000,0x00000000e6980000)
 ParOldGen       total 60928K, used 9500K [0x00000000a0000000, 0x00000000a3b80000, 0x00000000e0000000)
  object space 60928K, 15% used [0x00000000a0000000,0x00000000a0947178,0x00000000a3b80000)
 Metaspace       used 34569K, capacity 35290K, committed 35496K, reserved 1079296K
  class space    used 4669K, capacity 4850K, committed 4864K, reserved 1048576K
Event: 35.578 GC heap after
Heap after GC invocations=9 (full 1):
 PSYoungGen      total 63488K, used 10233K [0x00000000e0000000, 0x00000000e6980000, 0x0000000100000000)
  eden space 53248K, 0% used [0x00000000e0000000,0x00000000e0000000,0x00000000e3400000)
  from space 10240K, 99% used [0x00000000e5f80000,0x00000000e697e7b0,0x00000000e6980000)
  to   space 11776K, 0% used [0x00000000e5280000,0x00000000e5280000,0x00000000e5e00000)
 ParOldGen       total 60928K, used 10303K [0x00000000a0000000, 0x00000000a3b80000, 0x00000000e0000000)
  object space 60928K, 16% used [0x00000000a0000000,0x00000000a0a0fe58,0x00000000a3b80000)
 Metaspace       used 34569K, capacity 35290K, committed 35496K, reserved 1079296K
  class space    used 4669K, capacity 4850K, committed 4864K, reserved 1048576K
}
Event: 35.578 GC heap before
{Heap before GC invocations=10 (full 2):
 PSYoungGen      total 63488K, used 10233K [0x00000000e0000000, 0x00000000e6980000, 0x0000000100000000)
  eden space 53248K, 0% used [0x00000000e0000000,0x00000000e0000000,0x00000000e3400000)
  from space 10240K, 99% used [0x00000000e5f80000,0x00000000e697e7b0,0x00000000e6980000)
  to   space 11776K, 0% used [0x00000000e5280000,0x00000000e5280000,0x00000000e5e00000)
 ParOldGen       total 60928K, used 10303K [0x00000000a0000000, 0x00000000a3b80000, 0x00000000e0000000)
  object space 60928K, 16% used [0x00000000a0000000,0x00000000a0a0fe58,0x00000000a3b80000)
 Metaspace       used 34569K, capacity 35290K, committed 35496K, reserved 1079296K
  class space    used 4669K, capacity 4850K, committed 4864K, reserved 1048576K
Event: 35.708 GC heap after
Heap after GC invocations=10 (full 2):
 PSYoungGen      total 63488K, used 0K [0x00000000e0000000, 0x00000000e6980000, 0x0000000100000000)
  eden space 53248K, 0% used [0x00000000e0000000,0x00000000e0000000,0x00000000e3400000)
  from space 10240K, 0% used [0x00000000e5f80000,0x00000000e5f80000,0x00000000e6980000)
  to   space 11776K, 0% used [0x00000000e5280000,0x00000000e5280000,0x00000000e5e00000)
 ParOldGen       total 93696K, used 17234K [0x00000000a0000000, 0x00000000a5b80000, 0x00000000e0000000)
  object space 93696K, 18% used [0x00000000a0000000,0x00000000a10d4b78,0x00000000a5b80000)
 Metaspace       used 34569K, capacity 35290K, committed 35496K, reserved 1079296K
  class space    used 4669K, capacity 4850K, committed 4864K, reserved 1048576K
}
Event: 37.079 GC heap before
{Heap before GC invocations=11 (full 2):
 PSYoungGen      total 63488K, used 53248K [0x00000000e0000000, 0x00000000e6980000, 0x0000000100000000)
  eden space 53248K, 100% used [0x00000000e0000000,0x00000000e3400000,0x00000000e3400000)
  from space 10240K, 0% used [0x00000000e5f80000,0x00000000e5f80000,0x00000000e6980000)
  to   space 11776K, 0% used [0x00000000e5280000,0x00000000e5280000,0x00000000e5e00000)
 ParOldGen       total 93696K, used 17234K [0x00000000a0000000, 0x00000000a5b80000, 0x00000000e0000000)
  object space 93696K, 18% used [0x00000000a0000000,0x00000000a10d4b78,0x00000000a5b80000)
 Metaspace       used 37444K, capacity 38158K, committed 38272K, reserved 1083392K
  class space    used 5005K, capacity 5218K, committed 5248K, reserved 1048576K
Event: 37.091 GC heap after
Heap after GC invocations=11 (full 2):
 PSYoungGen      total 73728K, used 5617K [0x00000000e0000000, 0x00000000e6000000, 0x0000000100000000)
  eden space 68096K, 0% used [0x00000000e0000000,0x00000000e0000000,0x00000000e4280000)
  from space 5632K, 99% used [0x00000000e5280000,0x00000000e57fc628,0x00000000e5800000)
  to   space 8192K, 0% used [0x00000000e5800000,0x00000000e5800000,0x00000000e6000000)
 ParOldGen       total 93696K, used 17242K [0x00000000a0000000, 0x00000000a5b80000, 0x00000000e0000000)
  object space 93696K, 18% used [0x00000000a0000000,0x00000000a10d6b78,0x00000000a5b80000)
 Metaspace       used 37444K, capacity 38158K, committed 38272K, reserved 1083392K
  class space    used 5005K, capacity 5218K, committed 5248K, reserved 1048576K
}

